android/app/build/intermediates/manifest_merge_blame_file/debug/processDebugMainManifest/manifest-merger-blame-debug-report.txt
1<?xml version="1.0" encoding="utf-8"?>
2<manifest xmlns:android="http://schemas.android.com/apk/res/android"
3    package="com.example.kakan"
4    android:versionCode="2"
5    android:versionName="1.0.0" >
6
7    <uses-sdk
8        android:minSdkVersion="24"
9        android:targetSdkVersion="35" />
10    <!--
11         The INTERNET permission is required for development. Specifically,
12         the Flutter tool needs it to communicate with the running application
13         to allow setting breakpoints, to provide hot reload, etc.
14    -->
15    <uses-permission android:name="android.permission.INTERNET" />
15-->src\main\AndroidManifest.xml:5:5-67
15-->src\main\AndroidManifest.xml:5:22-64
16    <uses-permission android:name="android.permission.ACCESS_NETWORK_STATE" /> <!-- Scoped media (Android 13+) -->
16-->src\main\AndroidManifest.xml:6:5-79
16-->src\main\AndroidManifest.xml:6:22-76
17    <uses-permission android:name="android.permission.READ_MEDIA_IMAGES" />
17-->src\main\AndroidManifest.xml:9:5-76
17-->src\main\AndroidManifest.xml:9:22-73
18    <uses-permission android:name="android.permission.READ_MEDIA_VIDEO" />
18-->src\main\AndroidManifest.xml:10:5-75
18-->src\main\AndroidManifest.xml:10:22-72
19    <uses-permission android:name="android.permission.READ_MEDIA_AUDIO" /> <!-- Legacy (Android <= 12). Keep if you really need file access. -->
19-->src\main\AndroidManifest.xml:11:5-75
19-->src\main\AndroidManifest.xml:11:22-72
20    <uses-permission
20-->src\main\AndroidManifest.xml:14:5-107
21        android:name="android.permission.READ_EXTERNAL_STORAGE"
21-->src\main\AndroidManifest.xml:14:22-77
22        android:maxSdkVersion="32" />
22-->src\main\AndroidManifest.xml:14:78-104
23    <uses-permission
23-->src\main\AndroidManifest.xml:15:5-108
24        android:name="android.permission.WRITE_EXTERNAL_STORAGE"
24-->src\main\AndroidManifest.xml:15:22-78
25        android:maxSdkVersion="32" /> <!-- Package visibility for PROCESS_TEXT -->
25-->src\main\AndroidManifest.xml:15:79-105
26    <queries>
26-->src\main\AndroidManifest.xml:63:5-68:15
27        <intent>
27-->src\main\AndroidManifest.xml:64:9-67:18
28            <action android:name="android.intent.action.PROCESS_TEXT" />
28-->src\main\AndroidManifest.xml:65:13-73
28-->src\main\AndroidManifest.xml:65:21-70
29
30            <data android:mimeType="text/plain" />
30-->src\main\AndroidManifest.xml:66:13-51
30-->src\main\AndroidManifest.xml:66:19-48
31        </intent>
32        <intent>
32-->[:file_picker] AndroidManifest.xml:8:9-12:18
33            <action android:name="android.intent.action.GET_CONTENT" />
33-->[:file_picker] AndroidManifest.xml:9:13-72
33-->[:file_picker] AndroidManifest.xml:9:21-69
34
35            <data android:mimeType="*/*" />
35-->src\main\AndroidManifest.xml:66:13-51
35-->src\main\AndroidManifest.xml:66:19-48
36        </intent>
37        <intent>
37-->[:flutter_inappwebview_android] AndroidManifest.xml:8:9-10:18
38            <action android:name="android.support.customtabs.action.CustomTabsService" />
38-->[:flutter_inappwebview_android] AndroidManifest.xml:9:13-90
38-->[:flutter_inappwebview_android] AndroidManifest.xml:9:21-87
39        </intent>
40    </queries>
41
42    <permission
42-->[androidx.core:core:1.15.0] AndroidManifest.xml:22:5-24:47
43        android:name="com.example.kakan.DYNAMIC_RECEIVER_NOT_EXPORTED_PERMISSION"
43-->[androidx.core:core:1.15.0] AndroidManifest.xml:23:9-81
44        android:protectionLevel="signature" />
44-->[androidx.core:core:1.15.0] AndroidManifest.xml:24:9-44
45
46    <uses-permission android:name="com.example.kakan.DYNAMIC_RECEIVER_NOT_EXPORTED_PERMISSION" /> <!-- Optional/advanced. Remove if you don’t absolutely need them. -->
46-->[androidx.core:core:1.15.0] AndroidManifest.xml:26:5-97
46-->[androidx.core:core:1.15.0] AndroidManifest.xml:26:22-94
47    <!-- <uses-permission android:name="android.permission.MANAGE_EXTERNAL_STORAGE" /> -->
48    <!-- <uses-permission android:name="android.permission.WRITE_SETTINGS" /> -->
49    <!-- Contacts (only if you actually use them) -->
50    <!-- <uses-permission android:name="android.permission.READ_CONTACTS" /> -->
51    <!-- <uses-permission android:name="android.permission.WRITE_CONTACTS" /> -->
52    <application
53        android:name="android.app.Application"
54        android:appComponentFactory="androidx.core.app.CoreComponentFactory"
54-->[androidx.core:core:1.15.0] AndroidManifest.xml:28:18-86
55        android:debuggable="true"
56        android:enableOnBackInvokedCallback="true"
57        android:extractNativeLibs="true"
58        android:hardwareAccelerated="true"
59        android:icon="@mipmap/ic_launcher"
60        android:label="kakan"
61        android:theme="@style/LaunchTheme" >
62
63        <!-- Disable Impeller on Android (helps older GPUs) -->
64        <meta-data
65            android:name="io.flutter.embedding.android.EnableImpeller"
66            android:value="false" />
67
68        <!-- Switch to NormalTheme after Flutter’s first frame -->
69        <meta-data
70            android:name="io.flutter.embedding.android.NormalTheme"
71            android:resource="@style/NormalTheme" />
72
73        <activity
74            android:name="com.example.kakan.MainActivity"
75            android:configChanges="orientation|keyboardHidden|keyboard|screenSize|smallestScreenSize|locale|layoutDirection|fontScale|screenLayout|density|uiMode"
76            android:exported="true"
77            android:launchMode="singleTop"
78            android:taskAffinity=""
79            android:theme="@style/LaunchTheme"
80            android:windowSoftInputMode="adjustResize" >
81            <intent-filter>
82                <action android:name="android.intent.action.MAIN" />
83
84                <category android:name="android.intent.category.LAUNCHER" />
85            </intent-filter>
86        </activity>
87
88        <meta-data
89            android:name="flutterEmbedding"
90            android:value="2" />
91        <!--
92           Declares a provider which allows us to store files to share in
93           '.../caches/share_plus' and grant the receiving action access
94        -->
95        <provider
95-->[:share_plus] AndroidManifest.xml:13:9-21:20
96            android:name="dev.fluttercommunity.plus.share.ShareFileProvider"
96-->[:share_plus] AndroidManifest.xml:14:13-77
97            android:authorities="com.example.kakan.flutter.share_provider"
97-->[:share_plus] AndroidManifest.xml:15:13-74
98            android:exported="false"
98-->[:share_plus] AndroidManifest.xml:16:13-37
99            android:grantUriPermissions="true" >
99-->[:share_plus] AndroidManifest.xml:17:13-47
100            <meta-data
100-->[:share_plus] AndroidManifest.xml:18:13-20:68
101                android:name="android.support.FILE_PROVIDER_PATHS"
101-->[:share_plus] AndroidManifest.xml:19:17-67
102                android:resource="@xml/flutter_share_file_paths" />
102-->[:share_plus] AndroidManifest.xml:20:17-65
103        </provider>
104        <!--
105           This manifest declared broadcast receiver allows us to use an explicit
106           Intent when creating a PendingItent to be informed of the user's choice
107        -->
108        <receiver
108-->[:share_plus] AndroidManifest.xml:26:9-32:20
109            android:name="dev.fluttercommunity.plus.share.SharePlusPendingIntent"
109-->[:share_plus] AndroidManifest.xml:27:13-82
110            android:exported="false" >
110-->[:share_plus] AndroidManifest.xml:28:13-37
111            <intent-filter>
111-->[:share_plus] AndroidManifest.xml:29:13-31:29
112                <action android:name="EXTRA_CHOSEN_COMPONENT" />
112-->[:share_plus] AndroidManifest.xml:30:17-65
112-->[:share_plus] AndroidManifest.xml:30:25-62
113            </intent-filter>
114        </receiver>
115
116        <provider
116-->[:image_picker_android] AndroidManifest.xml:9:9-17:20
117            android:name="io.flutter.plugins.imagepicker.ImagePickerFileProvider"
117-->[:image_picker_android] AndroidManifest.xml:10:13-82
118            android:authorities="com.example.kakan.flutter.image_provider"
118-->[:image_picker_android] AndroidManifest.xml:11:13-74
119            android:exported="false"
119-->[:image_picker_android] AndroidManifest.xml:12:13-37
120            android:grantUriPermissions="true" >
120-->[:image_picker_android] AndroidManifest.xml:13:13-47
121            <meta-data
121-->[:share_plus] AndroidManifest.xml:18:13-20:68
122                android:name="android.support.FILE_PROVIDER_PATHS"
122-->[:share_plus] AndroidManifest.xml:19:17-67
123                android:resource="@xml/flutter_image_picker_file_paths" />
123-->[:share_plus] AndroidManifest.xml:20:17-65
124        </provider> <!-- Trigger Google Play services to install the backported photo picker module. -->
125        <service
125-->[:image_picker_android] AndroidManifest.xml:19:9-31:19
126            android:name="com.google.android.gms.metadata.ModuleDependencies"
126-->[:image_picker_android] AndroidManifest.xml:20:13-78
127            android:enabled="false"
127-->[:image_picker_android] AndroidManifest.xml:21:13-36
128            android:exported="false" >
128-->[:image_picker_android] AndroidManifest.xml:22:13-37
129            <intent-filter>
129-->[:image_picker_android] AndroidManifest.xml:24:13-26:29
130                <action android:name="com.google.android.gms.metadata.MODULE_DEPENDENCIES" />
130-->[:image_picker_android] AndroidManifest.xml:25:17-94
130-->[:image_picker_android] AndroidManifest.xml:25:25-91
131            </intent-filter>
132
133            <meta-data
133-->[:image_picker_android] AndroidManifest.xml:28:13-30:36
134                android:name="photopicker_activity:0:required"
134-->[:image_picker_android] AndroidManifest.xml:29:17-63
135                android:value="" />
135-->[:image_picker_android] AndroidManifest.xml:30:17-33
136        </service>
137
138        <activity
138-->[:url_launcher_android] AndroidManifest.xml:8:9-11:74
139            android:name="io.flutter.plugins.urllauncher.WebViewActivity"
139-->[:url_launcher_android] AndroidManifest.xml:9:13-74
140            android:exported="false"
140-->[:url_launcher_android] AndroidManifest.xml:10:13-37
141            android:theme="@android:style/Theme.NoTitleBar.Fullscreen" />
141-->[:url_launcher_android] AndroidManifest.xml:11:13-71
142        <activity
142-->[:flutter_inappwebview_android] AndroidManifest.xml:14:9-18:47
143            android:name="com.pichillilorenzo.flutter_inappwebview_android.in_app_browser.InAppBrowserActivity"
143-->[:flutter_inappwebview_android] AndroidManifest.xml:15:13-112
144            android:configChanges="orientation|keyboardHidden|keyboard|screenSize|locale|layoutDirection|fontScale|screenLayout|density"
144-->[:flutter_inappwebview_android] AndroidManifest.xml:16:13-137
145            android:exported="false"
145-->[:flutter_inappwebview_android] AndroidManifest.xml:17:13-37
146            android:theme="@style/AppTheme" />
146-->[:flutter_inappwebview_android] AndroidManifest.xml:18:13-44
147        <activity
147-->[:flutter_inappwebview_android] AndroidManifest.xml:19:9-22:55
148            android:name="com.pichillilorenzo.flutter_inappwebview_android.chrome_custom_tabs.ChromeCustomTabsActivity"
148-->[:flutter_inappwebview_android] AndroidManifest.xml:20:13-120
149            android:exported="false"
149-->[:flutter_inappwebview_android] AndroidManifest.xml:21:13-37
150            android:theme="@style/ThemeTransparent" />
150-->[:flutter_inappwebview_android] AndroidManifest.xml:22:13-52
151        <activity
151-->[:flutter_inappwebview_android] AndroidManifest.xml:23:9-26:55
152            android:name="com.pichillilorenzo.flutter_inappwebview_android.chrome_custom_tabs.TrustedWebActivity"
152-->[:flutter_inappwebview_android] AndroidManifest.xml:24:13-114
153            android:exported="false"
153-->[:flutter_inappwebview_android] AndroidManifest.xml:25:13-37
154            android:theme="@style/ThemeTransparent" />
154-->[:flutter_inappwebview_android] AndroidManifest.xml:26:13-52
155        <activity
155-->[:flutter_inappwebview_android] AndroidManifest.xml:27:9-31:55
156            android:name="com.pichillilorenzo.flutter_inappwebview_android.chrome_custom_tabs.ChromeCustomTabsActivitySingleInstance"
156-->[:flutter_inappwebview_android] AndroidManifest.xml:28:13-134
157            android:exported="false"
157-->[:flutter_inappwebview_android] AndroidManifest.xml:29:13-37
158            android:launchMode="singleInstance"
158-->[:flutter_inappwebview_android] AndroidManifest.xml:30:13-48
159            android:theme="@style/ThemeTransparent" />
159-->[:flutter_inappwebview_android] AndroidManifest.xml:31:13-52
160        <activity
160-->[:flutter_inappwebview_android] AndroidManifest.xml:32:9-36:55
161            android:name="com.pichillilorenzo.flutter_inappwebview_android.chrome_custom_tabs.TrustedWebActivitySingleInstance"
161-->[:flutter_inappwebview_android] AndroidManifest.xml:33:13-128
162            android:exported="false"
162-->[:flutter_inappwebview_android] AndroidManifest.xml:34:13-37
163            android:launchMode="singleInstance"
163-->[:flutter_inappwebview_android] AndroidManifest.xml:35:13-48
164            android:theme="@style/ThemeTransparent" />
164-->[:flutter_inappwebview_android] AndroidManifest.xml:36:13-52
165
166        <receiver
166-->[:flutter_inappwebview_android] AndroidManifest.xml:38:9-41:40
167            android:name="com.pichillilorenzo.flutter_inappwebview_android.chrome_custom_tabs.ActionBroadcastReceiver"
167-->[:flutter_inappwebview_android] AndroidManifest.xml:39:13-119
168            android:enabled="true"
168-->[:flutter_inappwebview_android] AndroidManifest.xml:40:13-35
169            android:exported="false" />
169-->[:flutter_inappwebview_android] AndroidManifest.xml:41:13-37
170
171        <meta-data
171-->[:flutter_inappwebview_android] AndroidManifest.xml:43:9-45:36
172            android:name="io.flutter.embedded_views_preview"
172-->[:flutter_inappwebview_android] AndroidManifest.xml:44:13-61
173            android:value="true" />
173-->[:flutter_inappwebview_android] AndroidManifest.xml:45:13-33
174
175        <uses-library
175-->[androidx.window:window:1.2.0] AndroidManifest.xml:23:9-25:40
176            android:name="androidx.window.extensions"
176-->[androidx.window:window:1.2.0] AndroidManifest.xml:24:13-54
177            android:required="false" />
177-->[androidx.window:window:1.2.0] AndroidManifest.xml:25:13-37
178        <uses-library
178-->[androidx.window:window:1.2.0] AndroidManifest.xml:26:9-28:40
179            android:name="androidx.window.sidecar"
179-->[androidx.window:window:1.2.0] AndroidManifest.xml:27:13-51
180            android:required="false" />
180-->[androidx.window:window:1.2.0] AndroidManifest.xml:28:13-37
181
182        <provider
182-->[androidx.emoji2:emoji2:1.2.0] AndroidManifest.xml:24:9-32:20
183            android:name="androidx.startup.InitializationProvider"
183-->[androidx.emoji2:emoji2:1.2.0] AndroidManifest.xml:25:13-67
184            android:authorities="com.example.kakan.androidx-startup"
184-->[androidx.emoji2:emoji2:1.2.0] AndroidManifest.xml:26:13-68
185            android:exported="false" >
185-->[androidx.emoji2:emoji2:1.2.0] AndroidManifest.xml:27:13-37
186            <meta-data
186-->[androidx.emoji2:emoji2:1.2.0] AndroidManifest.xml:29:13-31:52
187                android:name="androidx.emoji2.text.EmojiCompatInitializer"
187-->[androidx.emoji2:emoji2:1.2.0] AndroidManifest.xml:30:17-75
188                android:value="androidx.startup" />
188-->[androidx.emoji2:emoji2:1.2.0] AndroidManifest.xml:31:17-49
189            <meta-data
189-->[androidx.lifecycle:lifecycle-process:2.8.7] AndroidManifest.xml:29:13-31:52
190                android:name="androidx.lifecycle.ProcessLifecycleInitializer"
190-->[androidx.lifecycle:lifecycle-process:2.8.7] AndroidManifest.xml:30:17-78
191                android:value="androidx.startup" />
191-->[androidx.lifecycle:lifecycle-process:2.8.7] AndroidManifest.xml:31:17-49
192            <meta-data
192-->[androidx.profileinstaller:profileinstaller:1.3.1] AndroidManifest.xml:29:13-31:52
193                android:name="androidx.profileinstaller.ProfileInstallerInitializer"
193-->[androidx.profileinstaller:profileinstaller:1.3.1] AndroidManifest.xml:30:17-85
194                android:value="androidx.startup" />
194-->[androidx.profileinstaller:profileinstaller:1.3.1] AndroidManifest.xml:31:17-49
195        </provider>
196
197        <receiver
197-->[androidx.profileinstaller:profileinstaller:1.3.1] AndroidManifest.xml:34:9-52:20
198            android:name="androidx.profileinstaller.ProfileInstallReceiver"
198-->[androidx.profileinstaller:profileinstaller:1.3.1] AndroidManifest.xml:35:13-76
199            android:directBootAware="false"
199-->[androidx.profileinstaller:profileinstaller:1.3.1] AndroidManifest.xml:36:13-44
200            android:enabled="true"
200-->[androidx.profileinstaller:profileinstaller:1.3.1] AndroidManifest.xml:37:13-35
201            android:exported="true"
201-->[androidx.profileinstaller:profileinstaller:1.3.1] AndroidManifest.xml:38:13-36
202            android:permission="android.permission.DUMP" >
202-->[androidx.profileinstaller:profileinstaller:1.3.1] AndroidManifest.xml:39:13-57
203            <intent-filter>
203-->[androidx.profileinstaller:profileinstaller:1.3.1] AndroidManifest.xml:40:13-42:29
204                <action android:name="androidx.profileinstaller.action.INSTALL_PROFILE" />
204-->[androidx.profileinstaller:profileinstaller:1.3.1] AndroidManifest.xml:41:17-91
204-->[androidx.profileinstaller:profileinstaller:1.3.1] AndroidManifest.xml:41:25-88
205            </intent-filter>
206            <intent-filter>
206-->[androidx.profileinstaller:profileinstaller:1.3.1] AndroidManifest.xml:43:13-45:29
207                <action android:name="androidx.profileinstaller.action.SKIP_FILE" />
207-->[androidx.profileinstaller:profileinstaller:1.3.1] AndroidManifest.xml:44:17-85
207-->[androidx.profileinstaller:profileinstaller:1.3.1] AndroidManifest.xml:44:25-82
208            </intent-filter>
209            <intent-filter>
209-->[androidx.profileinstaller:profileinstaller:1.3.1] AndroidManifest.xml:46:13-48:29
210                <action android:name="androidx.profileinstaller.action.SAVE_PROFILE" />
210-->[androidx.profileinstaller:profileinstaller:1.3.1] AndroidManifest.xml:47:17-88
210-->[androidx.profileinstaller:profileinstaller:1.3.1] AndroidManifest.xml:47:25-85
211            </intent-filter>
212            <intent-filter>
212-->[androidx.profileinstaller:profileinstaller:1.3.1] AndroidManifest.xml:49:13-51:29
213                <action android:name="androidx.profileinstaller.action.BENCHMARK_OPERATION" />
213-->[androidx.profileinstaller:profileinstaller:1.3.1] AndroidManifest.xml:50:17-95
213-->[androidx.profileinstaller:profileinstaller:1.3.1] AndroidManifest.xml:50:25-92
214            </intent-filter>
215        </receiver>
216    </application>
217
218</manifest>